ARM GAS  C:\Users\sunik\AppData\Local\Temp\cchmXGg2.s 			page 1


   1              		.cpu cortex-m4
   2              		.eabi_attribute 27, 1
   3              		.eabi_attribute 28, 1
   4              		.eabi_attribute 20, 1
   5              		.eabi_attribute 21, 1
   6              		.eabi_attribute 23, 3
   7              		.eabi_attribute 24, 1
   8              		.eabi_attribute 25, 1
   9              		.eabi_attribute 26, 1
  10              		.eabi_attribute 30, 1
  11              		.eabi_attribute 34, 1
  12              		.eabi_attribute 18, 4
  13              		.file	"gpio.c"
  14              		.text
  15              	.Ltext0:
  16              		.cfi_sections	.debug_frame
  17              		.section	.text.MX_GPIO_Init,"ax",%progbits
  18              		.align	1
  19              		.global	MX_GPIO_Init
  20              		.arch armv7e-m
  21              		.syntax unified
  22              		.thumb
  23              		.thumb_func
  24              		.fpu fpv4-sp-d16
  26              	MX_GPIO_Init:
  27              	.LFB130:
  28              		.file 1 "Src/gpio.c"
   1:Src/gpio.c    **** /**
   2:Src/gpio.c    ****   ******************************************************************************
   3:Src/gpio.c    ****   * File Name          : gpio.c
   4:Src/gpio.c    ****   * Description        : This file provides code for the configuration
   5:Src/gpio.c    ****   *                      of all used GPIO pins.
   6:Src/gpio.c    ****   ******************************************************************************
   7:Src/gpio.c    ****   * @attention
   8:Src/gpio.c    ****   *
   9:Src/gpio.c    ****   * <h2><center>&copy; Copyright (c) 2020 STMicroelectronics.
  10:Src/gpio.c    ****   * All rights reserved.</center></h2>
  11:Src/gpio.c    ****   *
  12:Src/gpio.c    ****   * This software component is licensed by ST under BSD 3-Clause license,
  13:Src/gpio.c    ****   * the "License"; You may not use this file except in compliance with the
  14:Src/gpio.c    ****   * License. You may obtain a copy of the License at:
  15:Src/gpio.c    ****   *                        opensource.org/licenses/BSD-3-Clause
  16:Src/gpio.c    ****   *
  17:Src/gpio.c    ****   ******************************************************************************
  18:Src/gpio.c    ****   */
  19:Src/gpio.c    **** 
  20:Src/gpio.c    **** /* Includes ------------------------------------------------------------------*/
  21:Src/gpio.c    **** #include "gpio.h"
  22:Src/gpio.c    **** /* USER CODE BEGIN 0 */
  23:Src/gpio.c    **** 
  24:Src/gpio.c    **** /* USER CODE END 0 */
  25:Src/gpio.c    **** 
  26:Src/gpio.c    **** /*----------------------------------------------------------------------------*/
  27:Src/gpio.c    **** /* Configure GPIO                                                             */
  28:Src/gpio.c    **** /*----------------------------------------------------------------------------*/
  29:Src/gpio.c    **** /* USER CODE BEGIN 1 */
  30:Src/gpio.c    **** 
ARM GAS  C:\Users\sunik\AppData\Local\Temp\cchmXGg2.s 			page 2


  31:Src/gpio.c    **** /* USER CODE END 1 */
  32:Src/gpio.c    **** 
  33:Src/gpio.c    **** /** Configure pins as 
  34:Src/gpio.c    ****         * Analog 
  35:Src/gpio.c    ****         * Input 
  36:Src/gpio.c    ****         * Output
  37:Src/gpio.c    ****         * EVENT_OUT
  38:Src/gpio.c    ****         * EXTI
  39:Src/gpio.c    **** */
  40:Src/gpio.c    **** void MX_GPIO_Init(void)
  41:Src/gpio.c    **** {
  29              		.loc 1 41 1 view -0
  30              		.cfi_startproc
  31              		@ args = 0, pretend = 0, frame = 40
  32              		@ frame_needed = 0, uses_anonymous_args = 0
  33 0000 10B5     		push	{r4, lr}
  34              	.LCFI0:
  35              		.cfi_def_cfa_offset 8
  36              		.cfi_offset 4, -8
  37              		.cfi_offset 14, -4
  38 0002 8AB0     		sub	sp, sp, #40
  39              	.LCFI1:
  40              		.cfi_def_cfa_offset 48
  42:Src/gpio.c    **** 
  43:Src/gpio.c    ****   GPIO_InitTypeDef GPIO_InitStruct = {0};
  41              		.loc 1 43 3 view .LVU1
  42              		.loc 1 43 20 is_stmt 0 view .LVU2
  43 0004 0024     		movs	r4, #0
  44 0006 0594     		str	r4, [sp, #20]
  45 0008 0694     		str	r4, [sp, #24]
  46 000a 0794     		str	r4, [sp, #28]
  47 000c 0894     		str	r4, [sp, #32]
  48 000e 0994     		str	r4, [sp, #36]
  44:Src/gpio.c    **** 
  45:Src/gpio.c    ****   /* GPIO Ports Clock Enable */
  46:Src/gpio.c    ****   __HAL_RCC_GPIOC_CLK_ENABLE();
  49              		.loc 1 46 3 is_stmt 1 view .LVU3
  50              	.LBB2:
  51              		.loc 1 46 3 view .LVU4
  52              		.loc 1 46 3 view .LVU5
  53 0010 204B     		ldr	r3, .L3
  54 0012 DA6C     		ldr	r2, [r3, #76]
  55 0014 42F00402 		orr	r2, r2, #4
  56 0018 DA64     		str	r2, [r3, #76]
  57              		.loc 1 46 3 view .LVU6
  58 001a DA6C     		ldr	r2, [r3, #76]
  59 001c 02F00402 		and	r2, r2, #4
  60 0020 0192     		str	r2, [sp, #4]
  61              		.loc 1 46 3 view .LVU7
  62 0022 019A     		ldr	r2, [sp, #4]
  63              	.LBE2:
  64              		.loc 1 46 3 view .LVU8
  47:Src/gpio.c    ****   __HAL_RCC_GPIOH_CLK_ENABLE();
  65              		.loc 1 47 3 view .LVU9
  66              	.LBB3:
  67              		.loc 1 47 3 view .LVU10
  68              		.loc 1 47 3 view .LVU11
ARM GAS  C:\Users\sunik\AppData\Local\Temp\cchmXGg2.s 			page 3


  69 0024 DA6C     		ldr	r2, [r3, #76]
  70 0026 42F08002 		orr	r2, r2, #128
  71 002a DA64     		str	r2, [r3, #76]
  72              		.loc 1 47 3 view .LVU12
  73 002c DA6C     		ldr	r2, [r3, #76]
  74 002e 02F08002 		and	r2, r2, #128
  75 0032 0292     		str	r2, [sp, #8]
  76              		.loc 1 47 3 view .LVU13
  77 0034 029A     		ldr	r2, [sp, #8]
  78              	.LBE3:
  79              		.loc 1 47 3 view .LVU14
  48:Src/gpio.c    ****   __HAL_RCC_GPIOA_CLK_ENABLE();
  80              		.loc 1 48 3 view .LVU15
  81              	.LBB4:
  82              		.loc 1 48 3 view .LVU16
  83              		.loc 1 48 3 view .LVU17
  84 0036 DA6C     		ldr	r2, [r3, #76]
  85 0038 42F00102 		orr	r2, r2, #1
  86 003c DA64     		str	r2, [r3, #76]
  87              		.loc 1 48 3 view .LVU18
  88 003e DA6C     		ldr	r2, [r3, #76]
  89 0040 02F00102 		and	r2, r2, #1
  90 0044 0392     		str	r2, [sp, #12]
  91              		.loc 1 48 3 view .LVU19
  92 0046 039A     		ldr	r2, [sp, #12]
  93              	.LBE4:
  94              		.loc 1 48 3 view .LVU20
  49:Src/gpio.c    ****   __HAL_RCC_GPIOB_CLK_ENABLE();
  95              		.loc 1 49 3 view .LVU21
  96              	.LBB5:
  97              		.loc 1 49 3 view .LVU22
  98              		.loc 1 49 3 view .LVU23
  99 0048 DA6C     		ldr	r2, [r3, #76]
 100 004a 42F00202 		orr	r2, r2, #2
 101 004e DA64     		str	r2, [r3, #76]
 102              		.loc 1 49 3 view .LVU24
 103 0050 DB6C     		ldr	r3, [r3, #76]
 104 0052 03F00203 		and	r3, r3, #2
 105 0056 0493     		str	r3, [sp, #16]
 106              		.loc 1 49 3 view .LVU25
 107 0058 049B     		ldr	r3, [sp, #16]
 108              	.LBE5:
 109              		.loc 1 49 3 view .LVU26
  50:Src/gpio.c    **** 
  51:Src/gpio.c    ****   /*Configure GPIO pin Output Level */
  52:Src/gpio.c    ****   HAL_GPIO_WritePin(LD2_GPIO_Port, LD2_Pin, GPIO_PIN_RESET);
 110              		.loc 1 52 3 view .LVU27
 111 005a 2246     		mov	r2, r4
 112 005c 2021     		movs	r1, #32
 113 005e 4FF09040 		mov	r0, #1207959552
 114 0062 FFF7FEFF 		bl	HAL_GPIO_WritePin
 115              	.LVL0:
  53:Src/gpio.c    **** 
  54:Src/gpio.c    ****   /*Configure GPIO pin : PtPin */
  55:Src/gpio.c    ****   GPIO_InitStruct.Pin = B1_Pin;
 116              		.loc 1 55 3 view .LVU28
 117              		.loc 1 55 23 is_stmt 0 view .LVU29
ARM GAS  C:\Users\sunik\AppData\Local\Temp\cchmXGg2.s 			page 4


 118 0066 4FF40053 		mov	r3, #8192
 119 006a 0593     		str	r3, [sp, #20]
  56:Src/gpio.c    ****   GPIO_InitStruct.Mode = GPIO_MODE_IT_FALLING;
 120              		.loc 1 56 3 is_stmt 1 view .LVU30
 121              		.loc 1 56 24 is_stmt 0 view .LVU31
 122 006c 0A4B     		ldr	r3, .L3+4
 123 006e 0693     		str	r3, [sp, #24]
  57:Src/gpio.c    ****   GPIO_InitStruct.Pull = GPIO_NOPULL;
 124              		.loc 1 57 3 is_stmt 1 view .LVU32
 125              		.loc 1 57 24 is_stmt 0 view .LVU33
 126 0070 0794     		str	r4, [sp, #28]
  58:Src/gpio.c    ****   HAL_GPIO_Init(B1_GPIO_Port, &GPIO_InitStruct);
 127              		.loc 1 58 3 is_stmt 1 view .LVU34
 128 0072 05A9     		add	r1, sp, #20
 129 0074 0948     		ldr	r0, .L3+8
 130 0076 FFF7FEFF 		bl	HAL_GPIO_Init
 131              	.LVL1:
  59:Src/gpio.c    **** 
  60:Src/gpio.c    ****   /*Configure GPIO pin : PtPin */
  61:Src/gpio.c    ****   GPIO_InitStruct.Pin = LD2_Pin;
 132              		.loc 1 61 3 view .LVU35
 133              		.loc 1 61 23 is_stmt 0 view .LVU36
 134 007a 2023     		movs	r3, #32
 135 007c 0593     		str	r3, [sp, #20]
  62:Src/gpio.c    ****   GPIO_InitStruct.Mode = GPIO_MODE_OUTPUT_PP;
 136              		.loc 1 62 3 is_stmt 1 view .LVU37
 137              		.loc 1 62 24 is_stmt 0 view .LVU38
 138 007e 0123     		movs	r3, #1
 139 0080 0693     		str	r3, [sp, #24]
  63:Src/gpio.c    ****   GPIO_InitStruct.Pull = GPIO_NOPULL;
 140              		.loc 1 63 3 is_stmt 1 view .LVU39
 141              		.loc 1 63 24 is_stmt 0 view .LVU40
 142 0082 0794     		str	r4, [sp, #28]
  64:Src/gpio.c    ****   GPIO_InitStruct.Speed = GPIO_SPEED_FREQ_LOW;
 143              		.loc 1 64 3 is_stmt 1 view .LVU41
 144              		.loc 1 64 25 is_stmt 0 view .LVU42
 145 0084 0894     		str	r4, [sp, #32]
  65:Src/gpio.c    ****   HAL_GPIO_Init(LD2_GPIO_Port, &GPIO_InitStruct);
 146              		.loc 1 65 3 is_stmt 1 view .LVU43
 147 0086 05A9     		add	r1, sp, #20
 148 0088 4FF09040 		mov	r0, #1207959552
 149 008c FFF7FEFF 		bl	HAL_GPIO_Init
 150              	.LVL2:
  66:Src/gpio.c    **** 
  67:Src/gpio.c    **** }
 151              		.loc 1 67 1 is_stmt 0 view .LVU44
 152 0090 0AB0     		add	sp, sp, #40
 153              	.LCFI2:
 154              		.cfi_def_cfa_offset 8
 155              		@ sp needed
 156 0092 10BD     		pop	{r4, pc}
 157              	.L4:
 158              		.align	2
 159              	.L3:
 160 0094 00100240 		.word	1073876992
 161 0098 00002110 		.word	270598144
 162 009c 00080048 		.word	1207961600
ARM GAS  C:\Users\sunik\AppData\Local\Temp\cchmXGg2.s 			page 5


 163              		.cfi_endproc
 164              	.LFE130:
 166              		.text
 167              	.Letext0:
 168              		.file 2 "c:\\users\\sunik\\appdata\\roaming\\gnu mcu eclipse\\gnu eclipse arm embedded gcc\\arm-no
 169              		.file 3 "c:\\users\\sunik\\appdata\\roaming\\gnu mcu eclipse\\gnu eclipse arm embedded gcc\\arm-no
 170              		.file 4 "Drivers/CMSIS/Include/core_cm4.h"
 171              		.file 5 "Drivers/CMSIS/Device/ST/STM32L4xx/Include/system_stm32l4xx.h"
 172              		.file 6 "Drivers/CMSIS/Device/ST/STM32L4xx/Include/stm32l476xx.h"
 173              		.file 7 "Drivers/STM32L4xx_HAL_Driver/Inc/stm32l4xx_hal_def.h"
 174              		.file 8 "Drivers/STM32L4xx_HAL_Driver/Inc/stm32l4xx_hal_gpio.h"
 175              		.file 9 "Drivers/STM32L4xx_HAL_Driver/Inc/stm32l4xx_hal_flash.h"
 176              		.file 10 "Drivers/STM32L4xx_HAL_Driver/Inc/stm32l4xx_hal.h"
ARM GAS  C:\Users\sunik\AppData\Local\Temp\cchmXGg2.s 			page 6


DEFINED SYMBOLS
                            *ABS*:0000000000000000 gpio.c
C:\Users\sunik\AppData\Local\Temp\cchmXGg2.s:18     .text.MX_GPIO_Init:0000000000000000 $t
C:\Users\sunik\AppData\Local\Temp\cchmXGg2.s:26     .text.MX_GPIO_Init:0000000000000000 MX_GPIO_Init
C:\Users\sunik\AppData\Local\Temp\cchmXGg2.s:160    .text.MX_GPIO_Init:0000000000000094 $d

UNDEFINED SYMBOLS
HAL_GPIO_WritePin
HAL_GPIO_Init
