ARM GAS  C:\Users\sunik\AppData\Local\Temp\ccnUFAHt.s 			page 1


   1              		.cpu cortex-m4
   2              		.eabi_attribute 27, 1
   3              		.eabi_attribute 28, 1
   4              		.eabi_attribute 20, 1
   5              		.eabi_attribute 21, 1
   6              		.eabi_attribute 23, 3
   7              		.eabi_attribute 24, 1
   8              		.eabi_attribute 25, 1
   9              		.eabi_attribute 26, 1
  10              		.eabi_attribute 30, 1
  11              		.eabi_attribute 34, 1
  12              		.eabi_attribute 18, 4
  13              		.file	"main.c"
  14              		.text
  15              	.Ltext0:
  16              		.cfi_sections	.debug_frame
  17              		.section	.text.SystemClock_Config,"ax",%progbits
  18              		.align	1
  19              		.global	SystemClock_Config
  20              		.arch armv7e-m
  21              		.syntax unified
  22              		.thumb
  23              		.thumb_func
  24              		.fpu fpv4-sp-d16
  26              	SystemClock_Config:
  27              	.LFB131:
  28              		.file 1 "Src/main.c"
   1:Src/main.c    **** /* USER CODE BEGIN Header */
   2:Src/main.c    **** /**
   3:Src/main.c    ****   ******************************************************************************
   4:Src/main.c    ****   * @file           : main.c
   5:Src/main.c    ****   * @brief          : Main program body
   6:Src/main.c    ****   ******************************************************************************
   7:Src/main.c    ****   * @attention
   8:Src/main.c    ****   *
   9:Src/main.c    ****   * <h2><center>&copy; Copyright (c) 2020 STMicroelectronics.
  10:Src/main.c    ****   * All rights reserved.</center></h2>
  11:Src/main.c    ****   *
  12:Src/main.c    ****   * This software component is licensed by ST under BSD 3-Clause license,
  13:Src/main.c    ****   * the "License"; You may not use this file except in compliance with the
  14:Src/main.c    ****   * License. You may obtain a copy of the License at:
  15:Src/main.c    ****   *                        opensource.org/licenses/BSD-3-Clause
  16:Src/main.c    ****   *
  17:Src/main.c    ****   ******************************************************************************
  18:Src/main.c    ****   */
  19:Src/main.c    **** /* USER CODE END Header */
  20:Src/main.c    **** 
  21:Src/main.c    **** /* Includes ------------------------------------------------------------------*/
  22:Src/main.c    **** #include "main.h"
  23:Src/main.c    **** #include "usart.h"
  24:Src/main.c    **** #include "gpio.h"
  25:Src/main.c    **** 
  26:Src/main.c    **** /* Private includes ----------------------------------------------------------*/
  27:Src/main.c    **** /* USER CODE BEGIN Includes */
  28:Src/main.c    **** 
  29:Src/main.c    **** /* USER CODE END Includes */
  30:Src/main.c    **** 
ARM GAS  C:\Users\sunik\AppData\Local\Temp\ccnUFAHt.s 			page 2


  31:Src/main.c    **** /* Private typedef -----------------------------------------------------------*/
  32:Src/main.c    **** /* USER CODE BEGIN PTD */
  33:Src/main.c    **** 
  34:Src/main.c    **** /* USER CODE END PTD */
  35:Src/main.c    **** 
  36:Src/main.c    **** /* Private define ------------------------------------------------------------*/
  37:Src/main.c    **** /* USER CODE BEGIN PD */
  38:Src/main.c    **** /* USER CODE END PD */
  39:Src/main.c    **** 
  40:Src/main.c    **** /* Private macro -------------------------------------------------------------*/
  41:Src/main.c    **** /* USER CODE BEGIN PM */
  42:Src/main.c    **** 
  43:Src/main.c    **** /* USER CODE END PM */
  44:Src/main.c    **** 
  45:Src/main.c    **** /* Private variables ---------------------------------------------------------*/
  46:Src/main.c    **** 
  47:Src/main.c    **** /* USER CODE BEGIN PV */
  48:Src/main.c    **** 
  49:Src/main.c    **** /* USER CODE END PV */
  50:Src/main.c    **** 
  51:Src/main.c    **** /* Private function prototypes -----------------------------------------------*/
  52:Src/main.c    **** void SystemClock_Config(void);
  53:Src/main.c    **** /* USER CODE BEGIN PFP */
  54:Src/main.c    **** 
  55:Src/main.c    **** /* USER CODE END PFP */
  56:Src/main.c    **** 
  57:Src/main.c    **** /* Private user code ---------------------------------------------------------*/
  58:Src/main.c    **** /* USER CODE BEGIN 0 */
  59:Src/main.c    **** 
  60:Src/main.c    **** /* USER CODE END 0 */
  61:Src/main.c    **** 
  62:Src/main.c    **** /**
  63:Src/main.c    ****   * @brief  The application entry point.
  64:Src/main.c    ****   * @retval int
  65:Src/main.c    ****   */
  66:Src/main.c    **** int main(void)
  67:Src/main.c    **** {
  68:Src/main.c    ****   /* USER CODE BEGIN 1 */
  69:Src/main.c    **** 
  70:Src/main.c    ****   /* USER CODE END 1 */
  71:Src/main.c    **** 
  72:Src/main.c    ****   /* MCU Configuration--------------------------------------------------------*/
  73:Src/main.c    **** 
  74:Src/main.c    ****   /* Reset of all peripherals, Initializes the Flash interface and the Systick. */
  75:Src/main.c    ****   HAL_Init();
  76:Src/main.c    **** 
  77:Src/main.c    ****   /* USER CODE BEGIN Init */
  78:Src/main.c    **** 
  79:Src/main.c    ****   /* USER CODE END Init */
  80:Src/main.c    **** 
  81:Src/main.c    ****   /* Configure the system clock */
  82:Src/main.c    ****   SystemClock_Config();
  83:Src/main.c    **** 
  84:Src/main.c    ****   /* USER CODE BEGIN SysInit */
  85:Src/main.c    **** 
  86:Src/main.c    ****   /* USER CODE END SysInit */
  87:Src/main.c    **** 
ARM GAS  C:\Users\sunik\AppData\Local\Temp\ccnUFAHt.s 			page 3


  88:Src/main.c    ****   /* Initialize all configured peripherals */
  89:Src/main.c    ****   MX_GPIO_Init();
  90:Src/main.c    ****   MX_USART2_UART_Init();
  91:Src/main.c    ****   /* USER CODE BEGIN 2 */
  92:Src/main.c    **** 
  93:Src/main.c    ****   /* USER CODE END 2 */
  94:Src/main.c    **** 
  95:Src/main.c    ****   /* Infinite loop */
  96:Src/main.c    ****   /* USER CODE BEGIN WHILE */
  97:Src/main.c    ****   while (1)
  98:Src/main.c    ****   {
  99:Src/main.c    ****     /* USER CODE END WHILE */
 100:Src/main.c    ****     HAL_GPIO_TogglePin(GPIOA, GPIO_PIN_5);
 101:Src/main.c    ****     HAL_Delay(100);
 102:Src/main.c    ****     /* USER CODE BEGIN 3 */
 103:Src/main.c    ****   }
 104:Src/main.c    ****   /* USER CODE END 3 */
 105:Src/main.c    **** }
 106:Src/main.c    **** 
 107:Src/main.c    **** /**
 108:Src/main.c    ****   * @brief System Clock Configuration
 109:Src/main.c    ****   * @retval None
 110:Src/main.c    ****   */
 111:Src/main.c    **** void SystemClock_Config(void)
 112:Src/main.c    **** {
  29              		.loc 1 112 1 view -0
  30              		.cfi_startproc
  31              		@ args = 0, pretend = 0, frame = 224
  32              		@ frame_needed = 0, uses_anonymous_args = 0
  33 0000 30B5     		push	{r4, r5, lr}
  34              	.LCFI0:
  35              		.cfi_def_cfa_offset 12
  36              		.cfi_offset 4, -12
  37              		.cfi_offset 5, -8
  38              		.cfi_offset 14, -4
  39 0002 B9B0     		sub	sp, sp, #228
  40              	.LCFI1:
  41              		.cfi_def_cfa_offset 240
 113:Src/main.c    ****   RCC_OscInitTypeDef RCC_OscInitStruct = {0};
  42              		.loc 1 113 3 view .LVU1
  43              		.loc 1 113 22 is_stmt 0 view .LVU2
  44 0004 2422     		movs	r2, #36
  45 0006 0021     		movs	r1, #0
  46 0008 28A8     		add	r0, sp, #160
  47 000a FFF7FEFF 		bl	memset
  48              	.LVL0:
 114:Src/main.c    ****   RCC_ClkInitTypeDef RCC_ClkInitStruct = {0};
  49              		.loc 1 114 3 is_stmt 1 view .LVU3
  50              		.loc 1 114 22 is_stmt 0 view .LVU4
  51 000e 0024     		movs	r4, #0
  52 0010 2294     		str	r4, [sp, #136]
  53 0012 2394     		str	r4, [sp, #140]
  54 0014 2494     		str	r4, [sp, #144]
  55 0016 2594     		str	r4, [sp, #148]
  56 0018 2694     		str	r4, [sp, #152]
 115:Src/main.c    ****   RCC_PeriphCLKInitTypeDef PeriphClkInit = {0};
  57              		.loc 1 115 3 is_stmt 1 view .LVU5
ARM GAS  C:\Users\sunik\AppData\Local\Temp\ccnUFAHt.s 			page 4


  58              		.loc 1 115 28 is_stmt 0 view .LVU6
  59 001a 8822     		movs	r2, #136
  60 001c 2146     		mov	r1, r4
  61 001e 6846     		mov	r0, sp
  62 0020 FFF7FEFF 		bl	memset
  63              	.LVL1:
 116:Src/main.c    **** 
 117:Src/main.c    ****   /** Initializes the CPU, AHB and APB busses clocks 
 118:Src/main.c    ****   */
 119:Src/main.c    ****   RCC_OscInitStruct.OscillatorType = RCC_OSCILLATORTYPE_HSI;
  64              		.loc 1 119 3 is_stmt 1 view .LVU7
  65              		.loc 1 119 36 is_stmt 0 view .LVU8
  66 0024 0225     		movs	r5, #2
  67 0026 2795     		str	r5, [sp, #156]
 120:Src/main.c    ****   RCC_OscInitStruct.HSIState = RCC_HSI_ON;
  68              		.loc 1 120 3 is_stmt 1 view .LVU9
  69              		.loc 1 120 30 is_stmt 0 view .LVU10
  70 0028 4FF48073 		mov	r3, #256
  71 002c 2A93     		str	r3, [sp, #168]
 121:Src/main.c    ****   RCC_OscInitStruct.HSICalibrationValue = RCC_HSICALIBRATION_DEFAULT;
  72              		.loc 1 121 3 is_stmt 1 view .LVU11
  73              		.loc 1 121 41 is_stmt 0 view .LVU12
  74 002e 1023     		movs	r3, #16
  75 0030 2B93     		str	r3, [sp, #172]
 122:Src/main.c    ****   RCC_OscInitStruct.PLL.PLLState = RCC_PLL_ON;
  76              		.loc 1 122 3 is_stmt 1 view .LVU13
  77              		.loc 1 122 34 is_stmt 0 view .LVU14
  78 0032 3195     		str	r5, [sp, #196]
 123:Src/main.c    ****   RCC_OscInitStruct.PLL.PLLSource = RCC_PLLSOURCE_HSI;
  79              		.loc 1 123 3 is_stmt 1 view .LVU15
  80              		.loc 1 123 35 is_stmt 0 view .LVU16
  81 0034 3295     		str	r5, [sp, #200]
 124:Src/main.c    ****   RCC_OscInitStruct.PLL.PLLM = 1;
  82              		.loc 1 124 3 is_stmt 1 view .LVU17
  83              		.loc 1 124 30 is_stmt 0 view .LVU18
  84 0036 0123     		movs	r3, #1
  85 0038 3393     		str	r3, [sp, #204]
 125:Src/main.c    ****   RCC_OscInitStruct.PLL.PLLN = 10;
  86              		.loc 1 125 3 is_stmt 1 view .LVU19
  87              		.loc 1 125 30 is_stmt 0 view .LVU20
  88 003a 0A23     		movs	r3, #10
  89 003c 3493     		str	r3, [sp, #208]
 126:Src/main.c    ****   RCC_OscInitStruct.PLL.PLLP = RCC_PLLP_DIV7;
  90              		.loc 1 126 3 is_stmt 1 view .LVU21
  91              		.loc 1 126 30 is_stmt 0 view .LVU22
  92 003e 0723     		movs	r3, #7
  93 0040 3593     		str	r3, [sp, #212]
 127:Src/main.c    ****   RCC_OscInitStruct.PLL.PLLQ = RCC_PLLQ_DIV2;
  94              		.loc 1 127 3 is_stmt 1 view .LVU23
  95              		.loc 1 127 30 is_stmt 0 view .LVU24
  96 0042 3695     		str	r5, [sp, #216]
 128:Src/main.c    ****   RCC_OscInitStruct.PLL.PLLR = RCC_PLLR_DIV2;
  97              		.loc 1 128 3 is_stmt 1 view .LVU25
  98              		.loc 1 128 30 is_stmt 0 view .LVU26
  99 0044 3795     		str	r5, [sp, #220]
 129:Src/main.c    ****   if (HAL_RCC_OscConfig(&RCC_OscInitStruct) != HAL_OK)
 100              		.loc 1 129 3 is_stmt 1 view .LVU27
ARM GAS  C:\Users\sunik\AppData\Local\Temp\ccnUFAHt.s 			page 5


 101              		.loc 1 129 7 is_stmt 0 view .LVU28
 102 0046 27A8     		add	r0, sp, #156
 103 0048 FFF7FEFF 		bl	HAL_RCC_OscConfig
 104              	.LVL2:
 130:Src/main.c    ****   {
 131:Src/main.c    ****     Error_Handler();
 132:Src/main.c    ****   }
 133:Src/main.c    ****   /** Initializes the CPU, AHB and APB busses clocks 
 134:Src/main.c    ****   */
 135:Src/main.c    ****   RCC_ClkInitStruct.ClockType = RCC_CLOCKTYPE_HCLK|RCC_CLOCKTYPE_SYSCLK
 105              		.loc 1 135 3 is_stmt 1 view .LVU29
 106              		.loc 1 135 31 is_stmt 0 view .LVU30
 107 004c 0F23     		movs	r3, #15
 108 004e 2293     		str	r3, [sp, #136]
 136:Src/main.c    ****                               |RCC_CLOCKTYPE_PCLK1|RCC_CLOCKTYPE_PCLK2;
 137:Src/main.c    ****   RCC_ClkInitStruct.SYSCLKSource = RCC_SYSCLKSOURCE_PLLCLK;
 109              		.loc 1 137 3 is_stmt 1 view .LVU31
 110              		.loc 1 137 34 is_stmt 0 view .LVU32
 111 0050 0323     		movs	r3, #3
 112 0052 2393     		str	r3, [sp, #140]
 138:Src/main.c    ****   RCC_ClkInitStruct.AHBCLKDivider = RCC_SYSCLK_DIV1;
 113              		.loc 1 138 3 is_stmt 1 view .LVU33
 114              		.loc 1 138 35 is_stmt 0 view .LVU34
 115 0054 2494     		str	r4, [sp, #144]
 139:Src/main.c    ****   RCC_ClkInitStruct.APB1CLKDivider = RCC_HCLK_DIV1;
 116              		.loc 1 139 3 is_stmt 1 view .LVU35
 117              		.loc 1 139 36 is_stmt 0 view .LVU36
 118 0056 2594     		str	r4, [sp, #148]
 140:Src/main.c    ****   RCC_ClkInitStruct.APB2CLKDivider = RCC_HCLK_DIV1;
 119              		.loc 1 140 3 is_stmt 1 view .LVU37
 120              		.loc 1 140 36 is_stmt 0 view .LVU38
 121 0058 2694     		str	r4, [sp, #152]
 141:Src/main.c    **** 
 142:Src/main.c    ****   if (HAL_RCC_ClockConfig(&RCC_ClkInitStruct, FLASH_LATENCY_4) != HAL_OK)
 122              		.loc 1 142 3 is_stmt 1 view .LVU39
 123              		.loc 1 142 7 is_stmt 0 view .LVU40
 124 005a 0421     		movs	r1, #4
 125 005c 22A8     		add	r0, sp, #136
 126 005e FFF7FEFF 		bl	HAL_RCC_ClockConfig
 127              	.LVL3:
 143:Src/main.c    ****   {
 144:Src/main.c    ****     Error_Handler();
 145:Src/main.c    ****   }
 146:Src/main.c    ****   PeriphClkInit.PeriphClockSelection = RCC_PERIPHCLK_USART2;
 128              		.loc 1 146 3 is_stmt 1 view .LVU41
 129              		.loc 1 146 38 is_stmt 0 view .LVU42
 130 0062 0095     		str	r5, [sp]
 147:Src/main.c    ****   PeriphClkInit.Usart2ClockSelection = RCC_USART2CLKSOURCE_PCLK1;
 131              		.loc 1 147 3 is_stmt 1 view .LVU43
 132              		.loc 1 147 38 is_stmt 0 view .LVU44
 133 0064 0F94     		str	r4, [sp, #60]
 148:Src/main.c    ****   if (HAL_RCCEx_PeriphCLKConfig(&PeriphClkInit) != HAL_OK)
 134              		.loc 1 148 3 is_stmt 1 view .LVU45
 135              		.loc 1 148 7 is_stmt 0 view .LVU46
 136 0066 6846     		mov	r0, sp
 137 0068 FFF7FEFF 		bl	HAL_RCCEx_PeriphCLKConfig
 138              	.LVL4:
ARM GAS  C:\Users\sunik\AppData\Local\Temp\ccnUFAHt.s 			page 6


 149:Src/main.c    ****   {
 150:Src/main.c    ****     Error_Handler();
 151:Src/main.c    ****   }
 152:Src/main.c    ****   /** Configure the main internal regulator output voltage 
 153:Src/main.c    ****   */
 154:Src/main.c    ****   if (HAL_PWREx_ControlVoltageScaling(PWR_REGULATOR_VOLTAGE_SCALE1) != HAL_OK)
 139              		.loc 1 154 3 is_stmt 1 view .LVU47
 140              		.loc 1 154 7 is_stmt 0 view .LVU48
 141 006c 4FF40070 		mov	r0, #512
 142 0070 FFF7FEFF 		bl	HAL_PWREx_ControlVoltageScaling
 143              	.LVL5:
 155:Src/main.c    ****   {
 156:Src/main.c    ****     Error_Handler();
 157:Src/main.c    ****   }
 158:Src/main.c    **** }
 144              		.loc 1 158 1 view .LVU49
 145 0074 39B0     		add	sp, sp, #228
 146              	.LCFI2:
 147              		.cfi_def_cfa_offset 12
 148              		@ sp needed
 149 0076 30BD     		pop	{r4, r5, pc}
 150              		.cfi_endproc
 151              	.LFE131:
 153              		.section	.text.main,"ax",%progbits
 154              		.align	1
 155              		.global	main
 156              		.syntax unified
 157              		.thumb
 158              		.thumb_func
 159              		.fpu fpv4-sp-d16
 161              	main:
 162              	.LFB130:
  67:Src/main.c    ****   /* USER CODE BEGIN 1 */
 163              		.loc 1 67 1 is_stmt 1 view -0
 164              		.cfi_startproc
 165              		@ Volatile: function does not return.
 166              		@ args = 0, pretend = 0, frame = 0
 167              		@ frame_needed = 0, uses_anonymous_args = 0
 168 0000 08B5     		push	{r3, lr}
 169              	.LCFI3:
 170              		.cfi_def_cfa_offset 8
 171              		.cfi_offset 3, -8
 172              		.cfi_offset 14, -4
  75:Src/main.c    **** 
 173              		.loc 1 75 3 view .LVU51
 174 0002 FFF7FEFF 		bl	HAL_Init
 175              	.LVL6:
  82:Src/main.c    **** 
 176              		.loc 1 82 3 view .LVU52
 177 0006 FFF7FEFF 		bl	SystemClock_Config
 178              	.LVL7:
  89:Src/main.c    ****   MX_USART2_UART_Init();
 179              		.loc 1 89 3 view .LVU53
 180 000a FFF7FEFF 		bl	MX_GPIO_Init
 181              	.LVL8:
  90:Src/main.c    ****   /* USER CODE BEGIN 2 */
 182              		.loc 1 90 3 view .LVU54
ARM GAS  C:\Users\sunik\AppData\Local\Temp\ccnUFAHt.s 			page 7


 183 000e FFF7FEFF 		bl	MX_USART2_UART_Init
 184              	.LVL9:
 185              	.L4:
  97:Src/main.c    ****   {
 186              		.loc 1 97 3 discriminator 1 view .LVU55
 100:Src/main.c    ****     HAL_Delay(100);
 187              		.loc 1 100 5 discriminator 1 view .LVU56
 188 0012 2021     		movs	r1, #32
 189 0014 4FF09040 		mov	r0, #1207959552
 190 0018 FFF7FEFF 		bl	HAL_GPIO_TogglePin
 191              	.LVL10:
 101:Src/main.c    ****     /* USER CODE BEGIN 3 */
 192              		.loc 1 101 5 discriminator 1 view .LVU57
 193 001c 6420     		movs	r0, #100
 194 001e FFF7FEFF 		bl	HAL_Delay
 195              	.LVL11:
  97:Src/main.c    ****   {
 196              		.loc 1 97 9 discriminator 1 view .LVU58
 197 0022 F6E7     		b	.L4
 198              		.cfi_endproc
 199              	.LFE130:
 201              		.section	.text.Error_Handler,"ax",%progbits
 202              		.align	1
 203              		.global	Error_Handler
 204              		.syntax unified
 205              		.thumb
 206              		.thumb_func
 207              		.fpu fpv4-sp-d16
 209              	Error_Handler:
 210              	.LFB132:
 159:Src/main.c    **** 
 160:Src/main.c    **** /* USER CODE BEGIN 4 */
 161:Src/main.c    **** 
 162:Src/main.c    **** /* USER CODE END 4 */
 163:Src/main.c    **** 
 164:Src/main.c    **** /**
 165:Src/main.c    ****   * @brief  This function is executed in case of error occurrence.
 166:Src/main.c    ****   * @retval None
 167:Src/main.c    ****   */
 168:Src/main.c    **** void Error_Handler(void)
 169:Src/main.c    **** {
 211              		.loc 1 169 1 view -0
 212              		.cfi_startproc
 213              		@ args = 0, pretend = 0, frame = 0
 214              		@ frame_needed = 0, uses_anonymous_args = 0
 215              		@ link register save eliminated.
 170:Src/main.c    ****   /* USER CODE BEGIN Error_Handler_Debug */
 171:Src/main.c    ****   /* User can add his own implementation to report the HAL error return state */
 172:Src/main.c    **** 
 173:Src/main.c    ****   /* USER CODE END Error_Handler_Debug */
 174:Src/main.c    **** }
 216              		.loc 1 174 1 view .LVU60
 217 0000 7047     		bx	lr
 218              		.cfi_endproc
 219              	.LFE132:
 221              		.text
 222              	.Letext0:
ARM GAS  C:\Users\sunik\AppData\Local\Temp\ccnUFAHt.s 			page 8


 223              		.file 2 "c:\\users\\sunik\\appdata\\roaming\\gnu mcu eclipse\\gnu eclipse arm embedded gcc\\arm-no
 224              		.file 3 "c:\\users\\sunik\\appdata\\roaming\\gnu mcu eclipse\\gnu eclipse arm embedded gcc\\arm-no
 225              		.file 4 "Drivers/CMSIS/Include/core_cm4.h"
 226              		.file 5 "Drivers/CMSIS/Device/ST/STM32L4xx/Include/system_stm32l4xx.h"
 227              		.file 6 "Drivers/CMSIS/Device/ST/STM32L4xx/Include/stm32l476xx.h"
 228              		.file 7 "Drivers/STM32L4xx_HAL_Driver/Inc/stm32l4xx_hal_def.h"
 229              		.file 8 "Drivers/STM32L4xx_HAL_Driver/Inc/stm32l4xx_hal_rcc.h"
 230              		.file 9 "Drivers/STM32L4xx_HAL_Driver/Inc/stm32l4xx_hal_rcc_ex.h"
 231              		.file 10 "Drivers/STM32L4xx_HAL_Driver/Inc/stm32l4xx_hal_dma.h"
 232              		.file 11 "Drivers/STM32L4xx_HAL_Driver/Inc/stm32l4xx_hal_flash.h"
 233              		.file 12 "Drivers/STM32L4xx_HAL_Driver/Inc/stm32l4xx_hal_uart.h"
 234              		.file 13 "Drivers/STM32L4xx_HAL_Driver/Inc/stm32l4xx_hal.h"
 235              		.file 14 "Inc/usart.h"
 236              		.file 15 "Drivers/STM32L4xx_HAL_Driver/Inc/stm32l4xx_hal_pwr_ex.h"
 237              		.file 16 "Inc/gpio.h"
 238              		.file 17 "Drivers/STM32L4xx_HAL_Driver/Inc/stm32l4xx_hal_gpio.h"
 239              		.file 18 "<built-in>"
ARM GAS  C:\Users\sunik\AppData\Local\Temp\ccnUFAHt.s 			page 9


DEFINED SYMBOLS
                            *ABS*:0000000000000000 main.c
C:\Users\sunik\AppData\Local\Temp\ccnUFAHt.s:18     .text.SystemClock_Config:0000000000000000 $t
C:\Users\sunik\AppData\Local\Temp\ccnUFAHt.s:26     .text.SystemClock_Config:0000000000000000 SystemClock_Config
C:\Users\sunik\AppData\Local\Temp\ccnUFAHt.s:154    .text.main:0000000000000000 $t
C:\Users\sunik\AppData\Local\Temp\ccnUFAHt.s:161    .text.main:0000000000000000 main
C:\Users\sunik\AppData\Local\Temp\ccnUFAHt.s:202    .text.Error_Handler:0000000000000000 $t
C:\Users\sunik\AppData\Local\Temp\ccnUFAHt.s:209    .text.Error_Handler:0000000000000000 Error_Handler

UNDEFINED SYMBOLS
memset
HAL_RCC_OscConfig
HAL_RCC_ClockConfig
HAL_RCCEx_PeriphCLKConfig
HAL_PWREx_ControlVoltageScaling
HAL_Init
MX_GPIO_Init
MX_USART2_UART_Init
HAL_GPIO_TogglePin
HAL_Delay
