ARM GAS  C:\Users\sunik\AppData\Local\Temp\ccisNwbh.s 			page 1


   1              		.cpu cortex-m4
   2              		.eabi_attribute 27, 1
   3              		.eabi_attribute 28, 1
   4              		.eabi_attribute 20, 1
   5              		.eabi_attribute 21, 1
   6              		.eabi_attribute 23, 3
   7              		.eabi_attribute 24, 1
   8              		.eabi_attribute 25, 1
   9              		.eabi_attribute 26, 1
  10              		.eabi_attribute 30, 1
  11              		.eabi_attribute 34, 1
  12              		.eabi_attribute 18, 4
  13              		.file	"usart.c"
  14              		.text
  15              	.Ltext0:
  16              		.cfi_sections	.debug_frame
  17              		.section	.text.MX_USART2_UART_Init,"ax",%progbits
  18              		.align	1
  19              		.global	MX_USART2_UART_Init
  20              		.arch armv7e-m
  21              		.syntax unified
  22              		.thumb
  23              		.thumb_func
  24              		.fpu fpv4-sp-d16
  26              	MX_USART2_UART_Init:
  27              	.LFB130:
  28              		.file 1 "Src/usart.c"
   1:Src/usart.c   **** /**
   2:Src/usart.c   ****   ******************************************************************************
   3:Src/usart.c   ****   * File Name          : USART.c
   4:Src/usart.c   ****   * Description        : This file provides code for the configuration
   5:Src/usart.c   ****   *                      of the USART instances.
   6:Src/usart.c   ****   ******************************************************************************
   7:Src/usart.c   ****   * @attention
   8:Src/usart.c   ****   *
   9:Src/usart.c   ****   * <h2><center>&copy; Copyright (c) 2020 STMicroelectronics.
  10:Src/usart.c   ****   * All rights reserved.</center></h2>
  11:Src/usart.c   ****   *
  12:Src/usart.c   ****   * This software component is licensed by ST under BSD 3-Clause license,
  13:Src/usart.c   ****   * the "License"; You may not use this file except in compliance with the
  14:Src/usart.c   ****   * License. You may obtain a copy of the License at:
  15:Src/usart.c   ****   *                        opensource.org/licenses/BSD-3-Clause
  16:Src/usart.c   ****   *
  17:Src/usart.c   ****   ******************************************************************************
  18:Src/usart.c   ****   */
  19:Src/usart.c   **** 
  20:Src/usart.c   **** /* Includes ------------------------------------------------------------------*/
  21:Src/usart.c   **** #include "usart.h"
  22:Src/usart.c   **** 
  23:Src/usart.c   **** /* USER CODE BEGIN 0 */
  24:Src/usart.c   **** 
  25:Src/usart.c   **** /* USER CODE END 0 */
  26:Src/usart.c   **** 
  27:Src/usart.c   **** UART_HandleTypeDef huart2;
  28:Src/usart.c   **** 
  29:Src/usart.c   **** /* USART2 init function */
  30:Src/usart.c   **** 
ARM GAS  C:\Users\sunik\AppData\Local\Temp\ccisNwbh.s 			page 2


  31:Src/usart.c   **** void MX_USART2_UART_Init(void)
  32:Src/usart.c   **** {
  29              		.loc 1 32 1 view -0
  30              		.cfi_startproc
  31              		@ args = 0, pretend = 0, frame = 0
  32              		@ frame_needed = 0, uses_anonymous_args = 0
  33 0000 08B5     		push	{r3, lr}
  34              	.LCFI0:
  35              		.cfi_def_cfa_offset 8
  36              		.cfi_offset 3, -8
  37              		.cfi_offset 14, -4
  33:Src/usart.c   **** 
  34:Src/usart.c   ****   huart2.Instance = USART2;
  38              		.loc 1 34 3 view .LVU1
  39              		.loc 1 34 19 is_stmt 0 view .LVU2
  40 0002 0B48     		ldr	r0, .L5
  41 0004 0B4B     		ldr	r3, .L5+4
  42 0006 0360     		str	r3, [r0]
  35:Src/usart.c   ****   huart2.Init.BaudRate = 115200;
  43              		.loc 1 35 3 is_stmt 1 view .LVU3
  44              		.loc 1 35 24 is_stmt 0 view .LVU4
  45 0008 4FF4E133 		mov	r3, #115200
  46 000c 4360     		str	r3, [r0, #4]
  36:Src/usart.c   ****   huart2.Init.WordLength = UART_WORDLENGTH_8B;
  47              		.loc 1 36 3 is_stmt 1 view .LVU5
  48              		.loc 1 36 26 is_stmt 0 view .LVU6
  49 000e 0023     		movs	r3, #0
  50 0010 8360     		str	r3, [r0, #8]
  37:Src/usart.c   ****   huart2.Init.StopBits = UART_STOPBITS_1;
  51              		.loc 1 37 3 is_stmt 1 view .LVU7
  52              		.loc 1 37 24 is_stmt 0 view .LVU8
  53 0012 C360     		str	r3, [r0, #12]
  38:Src/usart.c   ****   huart2.Init.Parity = UART_PARITY_NONE;
  54              		.loc 1 38 3 is_stmt 1 view .LVU9
  55              		.loc 1 38 22 is_stmt 0 view .LVU10
  56 0014 0361     		str	r3, [r0, #16]
  39:Src/usart.c   ****   huart2.Init.Mode = UART_MODE_TX_RX;
  57              		.loc 1 39 3 is_stmt 1 view .LVU11
  58              		.loc 1 39 20 is_stmt 0 view .LVU12
  59 0016 0C22     		movs	r2, #12
  60 0018 4261     		str	r2, [r0, #20]
  40:Src/usart.c   ****   huart2.Init.HwFlowCtl = UART_HWCONTROL_NONE;
  61              		.loc 1 40 3 is_stmt 1 view .LVU13
  62              		.loc 1 40 25 is_stmt 0 view .LVU14
  63 001a 8361     		str	r3, [r0, #24]
  41:Src/usart.c   ****   huart2.Init.OverSampling = UART_OVERSAMPLING_16;
  64              		.loc 1 41 3 is_stmt 1 view .LVU15
  65              		.loc 1 41 28 is_stmt 0 view .LVU16
  66 001c C361     		str	r3, [r0, #28]
  42:Src/usart.c   ****   huart2.Init.OneBitSampling = UART_ONE_BIT_SAMPLE_DISABLE;
  67              		.loc 1 42 3 is_stmt 1 view .LVU17
  68              		.loc 1 42 30 is_stmt 0 view .LVU18
  69 001e 0362     		str	r3, [r0, #32]
  43:Src/usart.c   ****   huart2.AdvancedInit.AdvFeatureInit = UART_ADVFEATURE_NO_INIT;
  70              		.loc 1 43 3 is_stmt 1 view .LVU19
  71              		.loc 1 43 38 is_stmt 0 view .LVU20
  72 0020 4362     		str	r3, [r0, #36]
ARM GAS  C:\Users\sunik\AppData\Local\Temp\ccisNwbh.s 			page 3


  44:Src/usart.c   ****   if (HAL_UART_Init(&huart2) != HAL_OK)
  73              		.loc 1 44 3 is_stmt 1 view .LVU21
  74              		.loc 1 44 7 is_stmt 0 view .LVU22
  75 0022 FFF7FEFF 		bl	HAL_UART_Init
  76              	.LVL0:
  77              		.loc 1 44 6 view .LVU23
  78 0026 00B9     		cbnz	r0, .L4
  79              	.L1:
  45:Src/usart.c   ****   {
  46:Src/usart.c   ****     Error_Handler();
  47:Src/usart.c   ****   }
  48:Src/usart.c   **** 
  49:Src/usart.c   **** }
  80              		.loc 1 49 1 view .LVU24
  81 0028 08BD     		pop	{r3, pc}
  82              	.L4:
  46:Src/usart.c   ****   }
  83              		.loc 1 46 5 is_stmt 1 view .LVU25
  84 002a FFF7FEFF 		bl	Error_Handler
  85              	.LVL1:
  86              		.loc 1 49 1 is_stmt 0 view .LVU26
  87 002e FBE7     		b	.L1
  88              	.L6:
  89              		.align	2
  90              	.L5:
  91 0030 00000000 		.word	huart2
  92 0034 00440040 		.word	1073759232
  93              		.cfi_endproc
  94              	.LFE130:
  96              		.section	.text.HAL_UART_MspInit,"ax",%progbits
  97              		.align	1
  98              		.global	HAL_UART_MspInit
  99              		.syntax unified
 100              		.thumb
 101              		.thumb_func
 102              		.fpu fpv4-sp-d16
 104              	HAL_UART_MspInit:
 105              	.LVL2:
 106              	.LFB131:
  50:Src/usart.c   **** 
  51:Src/usart.c   **** void HAL_UART_MspInit(UART_HandleTypeDef* uartHandle)
  52:Src/usart.c   **** {
 107              		.loc 1 52 1 is_stmt 1 view -0
 108              		.cfi_startproc
 109              		@ args = 0, pretend = 0, frame = 32
 110              		@ frame_needed = 0, uses_anonymous_args = 0
 111              		.loc 1 52 1 is_stmt 0 view .LVU28
 112 0000 00B5     		push	{lr}
 113              	.LCFI1:
 114              		.cfi_def_cfa_offset 4
 115              		.cfi_offset 14, -4
 116 0002 89B0     		sub	sp, sp, #36
 117              	.LCFI2:
 118              		.cfi_def_cfa_offset 40
  53:Src/usart.c   **** 
  54:Src/usart.c   ****   GPIO_InitTypeDef GPIO_InitStruct = {0};
 119              		.loc 1 54 3 is_stmt 1 view .LVU29
ARM GAS  C:\Users\sunik\AppData\Local\Temp\ccisNwbh.s 			page 4


 120              		.loc 1 54 20 is_stmt 0 view .LVU30
 121 0004 0023     		movs	r3, #0
 122 0006 0393     		str	r3, [sp, #12]
 123 0008 0493     		str	r3, [sp, #16]
 124 000a 0593     		str	r3, [sp, #20]
 125 000c 0693     		str	r3, [sp, #24]
 126 000e 0793     		str	r3, [sp, #28]
  55:Src/usart.c   ****   if(uartHandle->Instance==USART2)
 127              		.loc 1 55 3 is_stmt 1 view .LVU31
 128              		.loc 1 55 16 is_stmt 0 view .LVU32
 129 0010 0268     		ldr	r2, [r0]
 130              		.loc 1 55 5 view .LVU33
 131 0012 154B     		ldr	r3, .L11
 132 0014 9A42     		cmp	r2, r3
 133 0016 02D0     		beq	.L10
 134              	.LVL3:
 135              	.L7:
  56:Src/usart.c   ****   {
  57:Src/usart.c   ****   /* USER CODE BEGIN USART2_MspInit 0 */
  58:Src/usart.c   **** 
  59:Src/usart.c   ****   /* USER CODE END USART2_MspInit 0 */
  60:Src/usart.c   ****     /* USART2 clock enable */
  61:Src/usart.c   ****     __HAL_RCC_USART2_CLK_ENABLE();
  62:Src/usart.c   ****   
  63:Src/usart.c   ****     __HAL_RCC_GPIOA_CLK_ENABLE();
  64:Src/usart.c   ****     /**USART2 GPIO Configuration    
  65:Src/usart.c   ****     PA2     ------> USART2_TX
  66:Src/usart.c   ****     PA3     ------> USART2_RX 
  67:Src/usart.c   ****     */
  68:Src/usart.c   ****     GPIO_InitStruct.Pin = USART_TX_Pin|USART_RX_Pin;
  69:Src/usart.c   ****     GPIO_InitStruct.Mode = GPIO_MODE_AF_PP;
  70:Src/usart.c   ****     GPIO_InitStruct.Pull = GPIO_NOPULL;
  71:Src/usart.c   ****     GPIO_InitStruct.Speed = GPIO_SPEED_FREQ_VERY_HIGH;
  72:Src/usart.c   ****     GPIO_InitStruct.Alternate = GPIO_AF7_USART2;
  73:Src/usart.c   ****     HAL_GPIO_Init(GPIOA, &GPIO_InitStruct);
  74:Src/usart.c   **** 
  75:Src/usart.c   ****   /* USER CODE BEGIN USART2_MspInit 1 */
  76:Src/usart.c   **** 
  77:Src/usart.c   ****   /* USER CODE END USART2_MspInit 1 */
  78:Src/usart.c   ****   }
  79:Src/usart.c   **** }
 136              		.loc 1 79 1 view .LVU34
 137 0018 09B0     		add	sp, sp, #36
 138              	.LCFI3:
 139              		.cfi_remember_state
 140              		.cfi_def_cfa_offset 4
 141              		@ sp needed
 142 001a 5DF804FB 		ldr	pc, [sp], #4
 143              	.LVL4:
 144              	.L10:
 145              	.LCFI4:
 146              		.cfi_restore_state
  61:Src/usart.c   ****   
 147              		.loc 1 61 5 is_stmt 1 view .LVU35
 148              	.LBB2:
  61:Src/usart.c   ****   
 149              		.loc 1 61 5 view .LVU36
ARM GAS  C:\Users\sunik\AppData\Local\Temp\ccisNwbh.s 			page 5


  61:Src/usart.c   ****   
 150              		.loc 1 61 5 view .LVU37
 151 001e 03F5E633 		add	r3, r3, #117760
 152 0022 9A6D     		ldr	r2, [r3, #88]
 153 0024 42F40032 		orr	r2, r2, #131072
 154 0028 9A65     		str	r2, [r3, #88]
  61:Src/usart.c   ****   
 155              		.loc 1 61 5 view .LVU38
 156 002a 9A6D     		ldr	r2, [r3, #88]
 157 002c 02F40032 		and	r2, r2, #131072
 158 0030 0192     		str	r2, [sp, #4]
  61:Src/usart.c   ****   
 159              		.loc 1 61 5 view .LVU39
 160 0032 019A     		ldr	r2, [sp, #4]
 161              	.LBE2:
  61:Src/usart.c   ****   
 162              		.loc 1 61 5 view .LVU40
  63:Src/usart.c   ****     /**USART2 GPIO Configuration    
 163              		.loc 1 63 5 view .LVU41
 164              	.LBB3:
  63:Src/usart.c   ****     /**USART2 GPIO Configuration    
 165              		.loc 1 63 5 view .LVU42
  63:Src/usart.c   ****     /**USART2 GPIO Configuration    
 166              		.loc 1 63 5 view .LVU43
 167 0034 DA6C     		ldr	r2, [r3, #76]
 168 0036 42F00102 		orr	r2, r2, #1
 169 003a DA64     		str	r2, [r3, #76]
  63:Src/usart.c   ****     /**USART2 GPIO Configuration    
 170              		.loc 1 63 5 view .LVU44
 171 003c DB6C     		ldr	r3, [r3, #76]
 172 003e 03F00103 		and	r3, r3, #1
 173 0042 0293     		str	r3, [sp, #8]
  63:Src/usart.c   ****     /**USART2 GPIO Configuration    
 174              		.loc 1 63 5 view .LVU45
 175 0044 029B     		ldr	r3, [sp, #8]
 176              	.LBE3:
  63:Src/usart.c   ****     /**USART2 GPIO Configuration    
 177              		.loc 1 63 5 view .LVU46
  68:Src/usart.c   ****     GPIO_InitStruct.Mode = GPIO_MODE_AF_PP;
 178              		.loc 1 68 5 view .LVU47
  68:Src/usart.c   ****     GPIO_InitStruct.Mode = GPIO_MODE_AF_PP;
 179              		.loc 1 68 25 is_stmt 0 view .LVU48
 180 0046 0C23     		movs	r3, #12
 181 0048 0393     		str	r3, [sp, #12]
  69:Src/usart.c   ****     GPIO_InitStruct.Pull = GPIO_NOPULL;
 182              		.loc 1 69 5 is_stmt 1 view .LVU49
  69:Src/usart.c   ****     GPIO_InitStruct.Pull = GPIO_NOPULL;
 183              		.loc 1 69 26 is_stmt 0 view .LVU50
 184 004a 0223     		movs	r3, #2
 185 004c 0493     		str	r3, [sp, #16]
  70:Src/usart.c   ****     GPIO_InitStruct.Speed = GPIO_SPEED_FREQ_VERY_HIGH;
 186              		.loc 1 70 5 is_stmt 1 view .LVU51
  70:Src/usart.c   ****     GPIO_InitStruct.Speed = GPIO_SPEED_FREQ_VERY_HIGH;
 187              		.loc 1 70 26 is_stmt 0 view .LVU52
 188 004e 0023     		movs	r3, #0
 189 0050 0593     		str	r3, [sp, #20]
  71:Src/usart.c   ****     GPIO_InitStruct.Alternate = GPIO_AF7_USART2;
ARM GAS  C:\Users\sunik\AppData\Local\Temp\ccisNwbh.s 			page 6


 190              		.loc 1 71 5 is_stmt 1 view .LVU53
  71:Src/usart.c   ****     GPIO_InitStruct.Alternate = GPIO_AF7_USART2;
 191              		.loc 1 71 27 is_stmt 0 view .LVU54
 192 0052 0323     		movs	r3, #3
 193 0054 0693     		str	r3, [sp, #24]
  72:Src/usart.c   ****     HAL_GPIO_Init(GPIOA, &GPIO_InitStruct);
 194              		.loc 1 72 5 is_stmt 1 view .LVU55
  72:Src/usart.c   ****     HAL_GPIO_Init(GPIOA, &GPIO_InitStruct);
 195              		.loc 1 72 31 is_stmt 0 view .LVU56
 196 0056 0723     		movs	r3, #7
 197 0058 0793     		str	r3, [sp, #28]
  73:Src/usart.c   **** 
 198              		.loc 1 73 5 is_stmt 1 view .LVU57
 199 005a 03A9     		add	r1, sp, #12
 200 005c 4FF09040 		mov	r0, #1207959552
 201              	.LVL5:
  73:Src/usart.c   **** 
 202              		.loc 1 73 5 is_stmt 0 view .LVU58
 203 0060 FFF7FEFF 		bl	HAL_GPIO_Init
 204              	.LVL6:
 205              		.loc 1 79 1 view .LVU59
 206 0064 D8E7     		b	.L7
 207              	.L12:
 208 0066 00BF     		.align	2
 209              	.L11:
 210 0068 00440040 		.word	1073759232
 211              		.cfi_endproc
 212              	.LFE131:
 214              		.section	.text.HAL_UART_MspDeInit,"ax",%progbits
 215              		.align	1
 216              		.global	HAL_UART_MspDeInit
 217              		.syntax unified
 218              		.thumb
 219              		.thumb_func
 220              		.fpu fpv4-sp-d16
 222              	HAL_UART_MspDeInit:
 223              	.LVL7:
 224              	.LFB132:
  80:Src/usart.c   **** 
  81:Src/usart.c   **** void HAL_UART_MspDeInit(UART_HandleTypeDef* uartHandle)
  82:Src/usart.c   **** {
 225              		.loc 1 82 1 is_stmt 1 view -0
 226              		.cfi_startproc
 227              		@ args = 0, pretend = 0, frame = 0
 228              		@ frame_needed = 0, uses_anonymous_args = 0
 229              		.loc 1 82 1 is_stmt 0 view .LVU61
 230 0000 08B5     		push	{r3, lr}
 231              	.LCFI5:
 232              		.cfi_def_cfa_offset 8
 233              		.cfi_offset 3, -8
 234              		.cfi_offset 14, -4
  83:Src/usart.c   **** 
  84:Src/usart.c   ****   if(uartHandle->Instance==USART2)
 235              		.loc 1 84 3 is_stmt 1 view .LVU62
 236              		.loc 1 84 16 is_stmt 0 view .LVU63
 237 0002 0268     		ldr	r2, [r0]
 238              		.loc 1 84 5 view .LVU64
ARM GAS  C:\Users\sunik\AppData\Local\Temp\ccisNwbh.s 			page 7


 239 0004 074B     		ldr	r3, .L17
 240 0006 9A42     		cmp	r2, r3
 241 0008 00D0     		beq	.L16
 242              	.LVL8:
 243              	.L13:
  85:Src/usart.c   ****   {
  86:Src/usart.c   ****   /* USER CODE BEGIN USART2_MspDeInit 0 */
  87:Src/usart.c   **** 
  88:Src/usart.c   ****   /* USER CODE END USART2_MspDeInit 0 */
  89:Src/usart.c   ****     /* Peripheral clock disable */
  90:Src/usart.c   ****     __HAL_RCC_USART2_CLK_DISABLE();
  91:Src/usart.c   ****   
  92:Src/usart.c   ****     /**USART2 GPIO Configuration    
  93:Src/usart.c   ****     PA2     ------> USART2_TX
  94:Src/usart.c   ****     PA3     ------> USART2_RX 
  95:Src/usart.c   ****     */
  96:Src/usart.c   ****     HAL_GPIO_DeInit(GPIOA, USART_TX_Pin|USART_RX_Pin);
  97:Src/usart.c   **** 
  98:Src/usart.c   ****   /* USER CODE BEGIN USART2_MspDeInit 1 */
  99:Src/usart.c   **** 
 100:Src/usart.c   ****   /* USER CODE END USART2_MspDeInit 1 */
 101:Src/usart.c   ****   }
 102:Src/usart.c   **** } 
 244              		.loc 1 102 1 view .LVU65
 245 000a 08BD     		pop	{r3, pc}
 246              	.LVL9:
 247              	.L16:
  90:Src/usart.c   ****   
 248              		.loc 1 90 5 is_stmt 1 view .LVU66
 249 000c 064A     		ldr	r2, .L17+4
 250 000e 936D     		ldr	r3, [r2, #88]
 251 0010 23F40033 		bic	r3, r3, #131072
 252 0014 9365     		str	r3, [r2, #88]
  96:Src/usart.c   **** 
 253              		.loc 1 96 5 view .LVU67
 254 0016 0C21     		movs	r1, #12
 255 0018 4FF09040 		mov	r0, #1207959552
 256              	.LVL10:
  96:Src/usart.c   **** 
 257              		.loc 1 96 5 is_stmt 0 view .LVU68
 258 001c FFF7FEFF 		bl	HAL_GPIO_DeInit
 259              	.LVL11:
 260              		.loc 1 102 1 view .LVU69
 261 0020 F3E7     		b	.L13
 262              	.L18:
 263 0022 00BF     		.align	2
 264              	.L17:
 265 0024 00440040 		.word	1073759232
 266 0028 00100240 		.word	1073876992
 267              		.cfi_endproc
 268              	.LFE132:
 270              		.comm	huart2,128,4
 271              		.text
 272              	.Letext0:
 273              		.file 2 "c:\\users\\sunik\\appdata\\roaming\\gnu mcu eclipse\\gnu eclipse arm embedded gcc\\arm-no
 274              		.file 3 "c:\\users\\sunik\\appdata\\roaming\\gnu mcu eclipse\\gnu eclipse arm embedded gcc\\arm-no
 275              		.file 4 "Drivers/CMSIS/Include/core_cm4.h"
ARM GAS  C:\Users\sunik\AppData\Local\Temp\ccisNwbh.s 			page 8


 276              		.file 5 "Drivers/CMSIS/Device/ST/STM32L4xx/Include/system_stm32l4xx.h"
 277              		.file 6 "Drivers/CMSIS/Device/ST/STM32L4xx/Include/stm32l476xx.h"
 278              		.file 7 "Drivers/STM32L4xx_HAL_Driver/Inc/stm32l4xx_hal_def.h"
 279              		.file 8 "Drivers/STM32L4xx_HAL_Driver/Inc/stm32l4xx_hal_gpio.h"
 280              		.file 9 "Drivers/STM32L4xx_HAL_Driver/Inc/stm32l4xx_hal_dma.h"
 281              		.file 10 "Drivers/STM32L4xx_HAL_Driver/Inc/stm32l4xx_hal_flash.h"
 282              		.file 11 "Drivers/STM32L4xx_HAL_Driver/Inc/stm32l4xx_hal_uart.h"
 283              		.file 12 "Drivers/STM32L4xx_HAL_Driver/Inc/stm32l4xx_hal.h"
 284              		.file 13 "Inc/usart.h"
 285              		.file 14 "Inc/main.h"
ARM GAS  C:\Users\sunik\AppData\Local\Temp\ccisNwbh.s 			page 9


DEFINED SYMBOLS
                            *ABS*:0000000000000000 usart.c
C:\Users\sunik\AppData\Local\Temp\ccisNwbh.s:18     .text.MX_USART2_UART_Init:0000000000000000 $t
C:\Users\sunik\AppData\Local\Temp\ccisNwbh.s:26     .text.MX_USART2_UART_Init:0000000000000000 MX_USART2_UART_Init
C:\Users\sunik\AppData\Local\Temp\ccisNwbh.s:91     .text.MX_USART2_UART_Init:0000000000000030 $d
                            *COM*:0000000000000080 huart2
C:\Users\sunik\AppData\Local\Temp\ccisNwbh.s:97     .text.HAL_UART_MspInit:0000000000000000 $t
C:\Users\sunik\AppData\Local\Temp\ccisNwbh.s:104    .text.HAL_UART_MspInit:0000000000000000 HAL_UART_MspInit
C:\Users\sunik\AppData\Local\Temp\ccisNwbh.s:210    .text.HAL_UART_MspInit:0000000000000068 $d
C:\Users\sunik\AppData\Local\Temp\ccisNwbh.s:215    .text.HAL_UART_MspDeInit:0000000000000000 $t
C:\Users\sunik\AppData\Local\Temp\ccisNwbh.s:222    .text.HAL_UART_MspDeInit:0000000000000000 HAL_UART_MspDeInit
C:\Users\sunik\AppData\Local\Temp\ccisNwbh.s:265    .text.HAL_UART_MspDeInit:0000000000000024 $d

UNDEFINED SYMBOLS
HAL_UART_Init
Error_Handler
HAL_GPIO_Init
HAL_GPIO_DeInit
